/home/will/humanoid_ws/install/limbsim/lib/python3.8/site-packages/limbsim/__init__.py
/home/will/humanoid_ws/install/limbsim/lib/python3.8/site-packages/limbsim/joint_controller.py
/home/will/humanoid_ws/install/limbsim/lib/python3.8/site-packages/limbsim/sim_robot_setting.py
/home/will/humanoid_ws/install/limbsim/lib/python3.8/site-packages/limbsim/env.py
/home/will/humanoid_ws/install/limbsim/lib/python3.8/site-packages/limbsim/sim_robot_interface.py
/home/will/humanoid_ws/install/limbsim/lib/python3.8/site-packages/limbsim/resources/__init__.py
/home/will/humanoid_ws/install/limbsim/lib/python3.8/site-packages/limbsim/resources/plane_with_restitution.urdf
/home/will/humanoid_ws/install/limbsim/lib/python3.8/site-packages/limbsim/resources/meshes/cube.obj
/home/will/humanoid_ws/install/limbsim/lib/python3.8/site-packages/limbsim/resources/meshes/plane.obj
/home/will/humanoid_ws/install/limbsim/lib/python3.8/site-packages/limbsim/resources/meshes/sphere.obj
/home/will/humanoid_ws/install/limbsim/lib/python3.8/site-packages/limbsim/resources/meshes/cylinder.obj
/home/will/humanoid_ws/install/limbsim/lib/python3.8/site-packages/limbsim/resources/meshes/checker_blue.png
/home/will/humanoid_ws/install/limbsim/lib/python3.8/site-packages/limbsim/resources/meshes/plane.mtl
/home/will/humanoid_ws/install/limbsim/lib/python3.8/site-packages/limbsim/__pycache__/__init__.cpython-38.pyc
/home/will/humanoid_ws/install/limbsim/lib/python3.8/site-packages/limbsim/__pycache__/joint_controller.cpython-38.pyc
/home/will/humanoid_ws/install/limbsim/lib/python3.8/site-packages/limbsim/__pycache__/sim_robot_setting.cpython-38.pyc
/home/will/humanoid_ws/install/limbsim/lib/python3.8/site-packages/limbsim/__pycache__/env.cpython-38.pyc
/home/will/humanoid_ws/install/limbsim/lib/python3.8/site-packages/limbsim/__pycache__/sim_robot_interface.cpython-38.pyc
/home/will/humanoid_ws/install/limbsim/lib/python3.8/site-packages/limbsim/resources/__pycache__/__init__.cpython-38.pyc
/home/will/humanoid_ws/install/limbsim/lib/python3.8/site-packages/limbsim-1.0.0-py3.8.egg-info/dependency_links.txt
/home/will/humanoid_ws/install/limbsim/lib/python3.8/site-packages/limbsim-1.0.0-py3.8.egg-info/zip-safe
/home/will/humanoid_ws/install/limbsim/lib/python3.8/site-packages/limbsim-1.0.0-py3.8.egg-info/SOURCES.txt
/home/will/humanoid_ws/install/limbsim/lib/python3.8/site-packages/limbsim-1.0.0-py3.8.egg-info/PKG-INFO
/home/will/humanoid_ws/install/limbsim/lib/python3.8/site-packages/limbsim-1.0.0-py3.8.egg-info/entry_points.txt
/home/will/humanoid_ws/install/limbsim/lib/python3.8/site-packages/limbsim-1.0.0-py3.8.egg-info/top_level.txt
/home/will/humanoid_ws/install/limbsim/lib/python3.8/site-packages/limbsim-1.0.0-py3.8.egg-info/requires.txt
